<?xml version="1.0" encoding="UTF-8"?>
<!-- Generated by org.testng.reporters.JUnitXMLReporter -->
<testsuite hostname="DESKTOP-I2FKUVF" ignored="0" name=" Free CRM Test" tests="9" failures="0" timestamp="24 May 2018 14:09:45 GMT" time="341.545" errors="0">
  <testcase name="loginTest" time="32.256" classname="com.crm.qa.testcases.LoginPageTest"/>
  <testcase name="verifyHomePageTitleTest" time="0.016" classname="com.crm.qa.testcases.HomePageTest"/>
  <testcase name="verifyContactsPageLabel" time="0.054" classname="com.crm.qa.testcases.ContactsPageTest"/>
  <testcase name="verifyUsername" time="0.11" classname="com.crm.qa.testcases.HomePageTest"/>
  <testcase name="selectcontactsByname" time="1.252" classname="com.crm.qa.testcases.ContactsPageTest"/>
  <testcase name="verifyContactsLinkText" time="0.312" classname="com.crm.qa.testcases.HomePageTest"/>
  <testcase name="validateCreateNewContact" time="2.344" classname="com.crm.qa.testcases.ContactsPageTest"/>
  <testcase name="validateCreateNewContact" time="2.814" classname="com.crm.qa.testcases.ContactsPageTest"/>
  <testcase name="validateCreateNewContact" time="1.969" classname="com.crm.qa.testcases.ContactsPageTest"/>
</testsuite> <!--  Free CRM Test -->
