<?xml version="1.0" encoding="UTF-8"?>
<testng-results skipped="0" failed="0" total="1" passed="1">
  <reporter-output>
  </reporter-output>
  <suite name="Free CRM Automation Suite" duration-ms="34393" started-at="2018-05-24T23:52:47Z" finished-at="2018-05-24T23:53:21Z">
    <groups>
    </groups>
    <test name=" Free CRM Test" duration-ms="34393" started-at="2018-05-24T23:52:47Z" finished-at="2018-05-24T23:53:21Z">
      <class name="com.crm.qa.testcases.LoginPageTest">
        <test-method status="PASS" signature="setUp()" name="setUp" is-config="true" duration-ms="13994" started-at="2018-05-24T23:52:47Z" finished-at="2018-05-24T23:53:01Z">
        </test-method>
        <test-method status="PASS" signature="loginTest()" name="loginTest" duration-ms="18132" started-at="2018-05-24T23:53:01Z" finished-at="2018-05-24T23:53:19Z">
        </test-method>
        <test-method status="PASS" signature="tearDown()" name="tearDown" is-config="true" duration-ms="2256" started-at="2018-05-24T23:53:19Z" finished-at="2018-05-24T23:53:21Z">
        </test-method>
      </class>
    </test>
  </suite>
</testng-results>
